Using pre-set license
Built from '2022.1/staging' branch; Version is '2022.1.7f1 (240f4c1f462c) revision 2363212'; Using compiler version '192829333'; Build Type 'Release'
OS: 'Windows 10  (10.0.19044) 64bit Professional' Language: 'de' Physical Memory: 15591 MB
BatchMode: 1, IsHumanControllingUs: 0, StartBugReporterOnCrash: 0, Is64bit: 1, IsPro: 1

COMMAND LINE ARGUMENTS:
C:\Program Files\Unity 2022.1.7f1\Editor\Unity.exe
-adb2
-batchMode
-noUpm
-name
AssetImportWorker0
-projectPath
C:/Users/Silas/OneDrive/Dokumente/GitHub/doodle-jump/Doodle Jump Idk
-logFile
Logs/AssetImportWorker0.log
-srvPort
58740
Successfully changed project path to: C:/Users/Silas/OneDrive/Dokumente/GitHub/doodle-jump/Doodle Jump Idk
C:/Users/Silas/OneDrive/Dokumente/GitHub/doodle-jump/Doodle Jump Idk
[UnityMemory] Configuration Parameters - Can be set up in boot.config
    "memorysetup-bucket-allocator-granularity=16"
    "memorysetup-bucket-allocator-bucket-count=8"
    "memorysetup-bucket-allocator-block-size=33554432"
    "memorysetup-bucket-allocator-block-count=8"
    "memorysetup-main-allocator-block-size=16777216"
    "memorysetup-thread-allocator-block-size=16777216"
    "memorysetup-gfx-main-allocator-block-size=16777216"
    "memorysetup-gfx-thread-allocator-block-size=16777216"
    "memorysetup-cache-allocator-block-size=4194304"
    "memorysetup-typetree-allocator-block-size=2097152"
    "memorysetup-profiler-bucket-allocator-granularity=16"
    "memorysetup-profiler-bucket-allocator-bucket-count=8"
    "memorysetup-profiler-bucket-allocator-block-size=33554432"
    "memorysetup-profiler-bucket-allocator-block-count=8"
    "memorysetup-profiler-allocator-block-size=16777216"
    "memorysetup-profiler-editor-allocator-block-size=1048576"
    "memorysetup-temp-allocator-size-main=16777216"
    "memorysetup-job-temp-allocator-block-size=2097152"
    "memorysetup-job-temp-allocator-block-size-background=1048576"
    "memorysetup-job-temp-allocator-reduction-small-platforms=262144"
    "memorysetup-temp-allocator-size-background-worker=32768"
    "memorysetup-temp-allocator-size-job-worker=262144"
    "memorysetup-temp-allocator-size-preload-manager=33554432"
    "memorysetup-temp-allocator-size-nav-mesh-worker=65536"
    "memorysetup-temp-allocator-size-audio-worker=65536"
    "memorysetup-temp-allocator-size-cloud-worker=32768"
    "memorysetup-temp-allocator-size-gi-baking-worker=262144"
    "memorysetup-temp-allocator-size-gfx=262144"
Refreshing native plugins compatible for Editor in 144.97 ms, found 3 plugins.
Preloading 0 native plugins for Editor in 0.00 ms.
Initialize engine version: 2022.1.7f1 (240f4c1f462c)
[Subsystems] Discovering subsystems at path C:/Program Files/Unity 2022.1.7f1/Editor/Data/Resources/UnitySubsystems
[Subsystems] Discovering subsystems at path C:/Users/Silas/OneDrive/Dokumente/GitHub/doodle-jump/Doodle Jump Idk/Assets
GfxDevice: creating device client; threaded=0; jobified=0
Direct3D:
    Version:  Direct3D 11.0 [level 11.1]
    Renderer: AMD Radeon(TM) Graphics (ID=0x1636)
    Vendor:   ATI
    VRAM:     7795 MB
    Driver:   30.0.13040.4003
Initialize mono
Mono path[0] = 'C:/Program Files/Unity 2022.1.7f1/Editor/Data/Managed'
Mono path[1] = 'C:/Program Files/Unity 2022.1.7f1/Editor/Data/MonoBleedingEdge/lib/mono/unityjit-win32'
Mono config path = 'C:/Program Files/Unity 2022.1.7f1/Editor/Data/MonoBleedingEdge/etc'
Using monoOptions --debugger-agent=transport=dt_socket,embedding=1,server=y,suspend=n,address=127.0.0.1:56196
Begin MonoManager ReloadAssembly
Registering precompiled unity dll's ...
Register platform support module: C:/Program Files/Unity 2022.1.7f1/Editor/Data/PlaybackEngines/WindowsStandaloneSupport/UnityEditor.WindowsStandalone.Extensions.dll
Registered in 0.011264 seconds.
Native extension for WindowsStandalone target not found
Refreshing native plugins compatible for Editor in 130.50 ms, found 3 plugins.
Preloading 0 native plugins for Editor in 0.00 ms.
Mono: successfully reloaded assembly
- Completed reload, in  1.114 seconds
Domain Reload Profiling:
	ReloadAssembly (1115ms)
		BeginReloadAssembly (137ms)
			ExecutionOrderSort (0ms)
			DisableScriptedObjects (0ms)
			BackupInstance (0ms)
			ReleaseScriptingObjects (0ms)
			CreateAndSetChildDomain (1ms)
		EndReloadAssembly (792ms)
			LoadAssemblies (132ms)
			RebuildTransferFunctionScriptingTraits (0ms)
			SetupTypeCache (181ms)
				TypeCache.Initialize (180ms)
					TypeCache.ScanAssembly (178ms)
				ResolveRequiredComponents (1ms)
			ReleaseScriptCaches (0ms)
			RebuildScriptCaches (55ms)
			SetupLoadedEditorAssemblies (442ms)
				LogAssemblyErrors (0ms)
				InitializePlatformSupportModulesInManaged (13ms)
				SetLoadedEditorAssemblies (11ms)
				RefreshPlugins (131ms)
				BeforeProcessingInitializeOnLoad (2ms)
				ProcessInitializeOnLoadAttributes (210ms)
				ProcessInitializeOnLoadMethodAttributes (75ms)
				AfterProcessingInitializeOnLoad (0ms)
				EditorAssembliesLoaded (0ms)
			ExecutionOrderSort2 (0ms)
			AwakeInstancesAfterBackupRestoration (0ms)
Platform modules already initialized, skipping
Registering precompiled user dll's ...
Registered in 0.016696 seconds.
Begin MonoManager ReloadAssembly
Symbol file LoadedFromMemory doesn't match image C:\Users\Silas\OneDrive\Dokumente\GitHub\doodle-jump\Doodle Jump Idk\Library\PackageCache\com.unity.visualscripting@1.7.8\Editor\VisualScripting.Core\Dependencies\YamlDotNet\Unity.VisualScripting.YamlDotNet.dll
Symbol file LoadedFromMemory doesn't match image C:\Users\Silas\OneDrive\Dokumente\GitHub\doodle-jump\Doodle Jump Idk\Library\PackageCache\com.unity.visualscripting@1.7.8\Editor\VisualScripting.Core\Dependencies\DotNetZip\Unity.VisualScripting.IonicZip.dll
Native extension for WindowsStandalone target not found
Refreshing native plugins compatible for Editor in 0.97 ms, found 3 plugins.
Preloading 0 native plugins for Editor in 0.00 ms.
Mono: successfully reloaded assembly
- Completed reload, in  2.098 seconds
Domain Reload Profiling:
	ReloadAssembly (2100ms)
		BeginReloadAssembly (302ms)
			ExecutionOrderSort (0ms)
			DisableScriptedObjects (9ms)
			BackupInstance (0ms)
			ReleaseScriptingObjects (0ms)
			CreateAndSetChildDomain (39ms)
		EndReloadAssembly (1559ms)
			LoadAssemblies (217ms)
			RebuildTransferFunctionScriptingTraits (0ms)
			SetupTypeCache (474ms)
				TypeCache.Initialize (468ms)
					TypeCache.ScanAssembly (456ms)
				ResolveRequiredComponents (6ms)
			ReleaseScriptCaches (1ms)
			RebuildScriptCaches (98ms)
			SetupLoadedEditorAssemblies (748ms)
				LogAssemblyErrors (0ms)
				InitializePlatformSupportModulesInManaged (9ms)
				SetLoadedEditorAssemblies (10ms)
				RefreshPlugins (1ms)
				BeforeProcessingInitializeOnLoad (149ms)
				ProcessInitializeOnLoadAttributes (506ms)
				ProcessInitializeOnLoadMethodAttributes (53ms)
				AfterProcessingInitializeOnLoad (21ms)
				EditorAssembliesLoaded (0ms)
			ExecutionOrderSort2 (0ms)
			AwakeInstancesAfterBackupRestoration (11ms)
Platform modules already initialized, skipping
========================================================================
Worker process is ready to serve import requests
Launched and connected shader compiler UnityShaderCompiler.exe after 0.09 seconds
Refreshing native plugins compatible for Editor in 0.95 ms, found 3 plugins.
Preloading 0 native plugins for Editor in 0.00 ms.
Unloading 3416 Unused Serialized files (Serialized files now loaded: 0)
Unloading 26 unused Assets / (58.6 KB). Loaded Objects now: 3881.
Memory consumption went from 0.52 GB to 0.52 GB.
Total: 4.567800 ms (FindLiveObjects: 0.415200 ms CreateObjectMapping: 0.174200 ms MarkObjects: 3.840000 ms  DeleteObjects: 0.136600 ms)

AssetImportParameters requested are different than current active one (requested -> active):
  custom:video-decoder-ogg-theora: a1e56fd34408186e4bbccfd4996cb3dc -> 
  custom:container-muxer-webm: aa71ff27fc2769a1b78a27578f13a17b -> 
  custom:container-demuxer-webm: 4f35f7cbe854078d1ac9338744f61a02 -> 
  custom:video-encoder-webm-vp8: eb34c28f22e8b96e1ab97ce403110664 -> 
  custom:video-codec-MediaFoundation-h265: 746d11721c4dcdbdad8f713fa42b33f4 -> 
  custom:audio-encoder-webm-vorbis: bf7c407c2cedff20999df2af8eb42d56 -> 
  custom:framework-win-MediaFoundation: 216162199b28c13a410421893ffa2e32 -> 
  custom:container-demuxer-ogg: 62fdf1f143b41e24485cea50d1cbac27 -> 
  custom:video-decoder-webm-vp8: 9c59270c3fd7afecdb556c50c9e8de78 -> 
  custom:audio-decoder-ogg-vorbis: bf7c407c2cedff20999df2af8eb42d56 -> 
========================================================================
Received Import Request.
  Time since last request: 803760.932469 seconds.
  path: Assets/Prefabs/Cloud Prefabs/Cloud_prefab.prefab
  artifactKey: Guid(0b1af15caa1454ac1be856c4cc9ca55d) Importer(815301076,1909f56bfc062723c751e8b465ee728b)
Start importing Assets/Prefabs/Cloud Prefabs/Cloud_prefab.prefab using Guid(0b1af15caa1454ac1be856c4cc9ca55d) Importer(815301076,1909f56bfc062723c751e8b465ee728b)  -> (artifact id: '9e1b9a89566e1213f78bdf8b4c4c580c') in 0.248468 seconds 
========================================================================
Received Import Request.
  Time since last request: 0.000039 seconds.
  path: Assets/Prefabs/Cloud Prefabs/Cloud_prefab2.prefab
  artifactKey: Guid(03d456aae90b358429ba65b88296697c) Importer(815301076,1909f56bfc062723c751e8b465ee728b)
Start importing Assets/Prefabs/Cloud Prefabs/Cloud_prefab2.prefab using Guid(03d456aae90b358429ba65b88296697c) Importer(815301076,1909f56bfc062723c751e8b465ee728b)  -> (artifact id: 'c8285dd800084e9d4338fd69a44c16a8') in 0.045329 seconds 
========================================================================
Received Import Request.
  Time since last request: 0.000048 seconds.
  path: Assets/Prefabs/Cloud Prefabs/Cloud_prefab6.prefab
  artifactKey: Guid(1fd40b82e1240944c8595012678850d4) Importer(815301076,1909f56bfc062723c751e8b465ee728b)
Start importing Assets/Prefabs/Cloud Prefabs/Cloud_prefab6.prefab using Guid(1fd40b82e1240944c8595012678850d4) Importer(815301076,1909f56bfc062723c751e8b465ee728b)  -> (artifact id: 'be9e57d084b7f2c785c2115000e6b1d2') in 0.042227 seconds 
========================================================================
Received Import Request.
  Time since last request: 0.000043 seconds.
  path: Assets/Prefabs/Cloud Prefabs/Cloud_prefab9.prefab
  artifactKey: Guid(ead9407fbc3717943aea86b07354b440) Importer(815301076,1909f56bfc062723c751e8b465ee728b)
Start importing Assets/Prefabs/Cloud Prefabs/Cloud_prefab9.prefab using Guid(ead9407fbc3717943aea86b07354b440) Importer(815301076,1909f56bfc062723c751e8b465ee728b)  -> (artifact id: 'd412520a89e6ee7a6a57c013ff589895') in 0.037895 seconds 
========================================================================
Received Import Request.
  Time since last request: 0.000035 seconds.
  path: Assets/Prefabs/Cloud Prefabs/Cloud_prefab1.prefab
  artifactKey: Guid(37645ec0c1603184194c2d38721ab56f) Importer(815301076,1909f56bfc062723c751e8b465ee728b)
Start importing Assets/Prefabs/Cloud Prefabs/Cloud_prefab1.prefab using Guid(37645ec0c1603184194c2d38721ab56f) Importer(815301076,1909f56bfc062723c751e8b465ee728b)  -> (artifact id: '53afd94b19bb8c7bb24ff5628828b0ef') in 0.033868 seconds 
========================================================================
Received Import Request.
  Time since last request: 0.000030 seconds.
  path: Assets/Prefabs/Cloud Prefabs/Cloud_prefab5.prefab
  artifactKey: Guid(19e83438d96db3c4bbb7c42b2c2d2ecd) Importer(815301076,1909f56bfc062723c751e8b465ee728b)
Start importing Assets/Prefabs/Cloud Prefabs/Cloud_prefab5.prefab using Guid(19e83438d96db3c4bbb7c42b2c2d2ecd) Importer(815301076,1909f56bfc062723c751e8b465ee728b)  -> (artifact id: 'bd671957bcf3c4ae0a30ea6ce3479462') in 0.039380 seconds 
========================================================================
Received Import Request.
  Time since last request: 0.000031 seconds.
  path: Assets/Prefabs/Cloud Prefabs/Cloud_prefab10.prefab
  artifactKey: Guid(66aa2d10416846041acb33dc75a35256) Importer(815301076,1909f56bfc062723c751e8b465ee728b)
Start importing Assets/Prefabs/Cloud Prefabs/Cloud_prefab10.prefab using Guid(66aa2d10416846041acb33dc75a35256) Importer(815301076,1909f56bfc062723c751e8b465ee728b)  -> (artifact id: 'd9774b0c655412e625a49008d06635a7') in 0.042765 seconds 
========================================================================
Received Import Request.
  Time since last request: 0.000078 seconds.
  path: Assets/Prefabs/Cloud Prefabs/Cloud_prefab7.prefab
  artifactKey: Guid(60d55b325dce14d4da200fa87ce3983a) Importer(815301076,1909f56bfc062723c751e8b465ee728b)
Start importing Assets/Prefabs/Cloud Prefabs/Cloud_prefab7.prefab using Guid(60d55b325dce14d4da200fa87ce3983a) Importer(815301076,1909f56bfc062723c751e8b465ee728b)  -> (artifact id: '7b2f72cc9220b07feaae05aceb4652d1') in 0.036550 seconds 
========================================================================
Received Import Request.
  Time since last request: 0.000085 seconds.
  path: Assets/Prefabs/Cloud Prefabs/Cloud_prefab4.prefab
  artifactKey: Guid(f1f8933ff51046b49aa55486ba47d248) Importer(815301076,1909f56bfc062723c751e8b465ee728b)
Start importing Assets/Prefabs/Cloud Prefabs/Cloud_prefab4.prefab using Guid(f1f8933ff51046b49aa55486ba47d248) Importer(815301076,1909f56bfc062723c751e8b465ee728b)  -> (artifact id: '49419e8edabab46ece3ff59a3b879bd6') in 0.038997 seconds 
========================================================================
Received Import Request.
  Time since last request: 0.000034 seconds.
  path: Assets/Prefabs/Cloud Prefabs/Cloud_prefab11.prefab
  artifactKey: Guid(d74bb5302b7d21f4fa1c29576b8681ae) Importer(815301076,1909f56bfc062723c751e8b465ee728b)
Start importing Assets/Prefabs/Cloud Prefabs/Cloud_prefab11.prefab using Guid(d74bb5302b7d21f4fa1c29576b8681ae) Importer(815301076,1909f56bfc062723c751e8b465ee728b)  -> (artifact id: '33770633c613d29c74d1e250b84281f7') in 0.035856 seconds 
========================================================================
Received Import Request.
  Time since last request: 0.000036 seconds.
  path: Assets/Prefabs/Cloud Prefabs/Cloud_prefab8.prefab
  artifactKey: Guid(aa31ca5622da8d247bcb84df68ed4371) Importer(815301076,1909f56bfc062723c751e8b465ee728b)
Start importing Assets/Prefabs/Cloud Prefabs/Cloud_prefab8.prefab using Guid(aa31ca5622da8d247bcb84df68ed4371) Importer(815301076,1909f56bfc062723c751e8b465ee728b)  -> (artifact id: 'f7fa0d3a69fa2dcbc640ea1c97a53ef8') in 0.044487 seconds 
========================================================================
Received Import Request.
  Time since last request: 0.000046 seconds.
  path: Assets/Prefabs/Cloud Prefabs/Cloud_prefab3.prefab
  artifactKey: Guid(8d6e2ea32a793c64797c24f2c530d813) Importer(815301076,1909f56bfc062723c751e8b465ee728b)
Start importing Assets/Prefabs/Cloud Prefabs/Cloud_prefab3.prefab using Guid(8d6e2ea32a793c64797c24f2c530d813) Importer(815301076,1909f56bfc062723c751e8b465ee728b)  -> (artifact id: 'd16e0e2a2237804608bef4f1e439b497') in 0.049785 seconds 
Editor requested this worker to shutdown with reason: Scaling down because of idle timeout
AssetImportWorkerClient::OnTransportError - code=2 error=End of file
AssetImportWorker is now disconnected from the server
Process exiting
Exiting without the bug reporter. Application will terminate with return code 0